<?xml version="1.0" encoding="UTF-8"?>
<!-- Generated by org.testng.reporters.JUnitReportReporter -->
<testsuite hostname="DESKTOP-HOF3APB" failures="0" tests="2" name="test.LoginTest" time="16.883" errors="0" timestamp="2024-08-11T12:23:20 CDT" skipped="0">
  <testcase classname="test.LoginTest" name="validateAlertMessages" time="3.515"/>
  <testcase classname="test.LoginTest" name="userShouldBeAbleToLogin" time="13.368"/>
</testsuite> <!-- test.LoginTest -->
