<?xml version="1.0" encoding="UTF-8"?>
<!-- Generated by org.testng.reporters.JUnitReportReporter -->
<testsuite hostname="DESKTOP-HOF3APB" failures="0" tests="1" name="util.BrowserFactory" time="6.401" errors="0" timestamp="2024-08-11T10:22:14 CDT" skipped="0">
  <testcase classname="util.BrowserFactory" name="init" time="6.401"/>
</testsuite> <!-- util.BrowserFactory -->
